2566.09.21 03:13:07 INFO  Started: Metals version 1.0.1 in folders 'D:\Blockchain\101\phouka' for client Visual Studio Code 1.82.2.
ก.ย. 21, 2566 3:13:07 ก่อนเที่ยง org.flywaydb.core.internal.license.VersionPrinter printVersionOnly
INFO: Flyway Community Edition 9.21.2 by Redgate
ก.ย. 21, 2566 3:13:07 ก่อนเที่ยง org.flywaydb.core.internal.license.VersionPrinter printVersion
INFO: See release notes here: https://rd.gt/416ObMi
ก.ย. 21, 2566 3:13:07 ก่อนเที่ยง org.flywaydb.core.internal.license.VersionPrinter printVersion
INFO: 
ก.ย. 21, 2566 3:13:08 ก่อนเที่ยง org.flywaydb.core.FlywayExecutor execute
INFO: Database: jdbc:h2:file:D:\Blockchain\101\phouka\.metals\metals (H2 2.1)
ก.ย. 21, 2566 3:13:08 ก่อนเที่ยง org.flywaydb.core.internal.schemahistory.JdbcTableSchemaHistory allAppliedMigrations
INFO: Schema history table "PUBLIC"."flyway_schema_history" does not exist yet
ก.ย. 21, 2566 3:13:08 ก่อนเที่ยง org.flywaydb.core.internal.command.DbValidate validate
INFO: Successfully validated 4 migrations (execution time 00:00.014s)
ก.ย. 21, 2566 3:13:08 ก่อนเที่ยง org.flywaydb.core.internal.schemahistory.JdbcTableSchemaHistory create
INFO: Creating Schema History table "PUBLIC"."flyway_schema_history" ...
ก.ย. 21, 2566 3:13:08 ก่อนเที่ยง org.flywaydb.core.internal.command.DbMigrate migrateGroup
INFO: Current version of schema "PUBLIC": << Empty Schema >>
ก.ย. 21, 2566 3:13:08 ก่อนเที่ยง org.flywaydb.core.internal.command.DbMigrate doMigrateGroup
INFO: Migrating schema "PUBLIC" to version "1 - Create tables"
ก.ย. 21, 2566 3:13:08 ก่อนเที่ยง org.flywaydb.core.internal.command.DbMigrate doMigrateGroup
INFO: Migrating schema "PUBLIC" to version "2 - Server discovery"
ก.ย. 21, 2566 3:13:08 ก่อนเที่ยง org.flywaydb.core.internal.command.DbMigrate doMigrateGroup
INFO: Migrating schema "PUBLIC" to version "3 - Jar symbols"
ก.ย. 21, 2566 3:13:08 ก่อนเที่ยง org.flywaydb.core.internal.command.DbMigrate doMigrateGroup
INFO: Migrating schema "PUBLIC" to version "4 - Fingerprints"
ก.ย. 21, 2566 3:13:08 ก่อนเที่ยง org.flywaydb.core.internal.command.DbMigrate logSummary
INFO: Successfully applied 4 migrations to schema "PUBLIC", now at version v4 (execution time 00:00.013s)
2566.09.21 03:13:08 INFO  time: initialize in 0.81s
2566.09.21 03:13:08 WARN  Build server is not auto-connectable.
2566.09.21 03:13:08 WARN  no build target for: D:\Blockchain\101\phouka\build.sbt
2566.09.21 03:13:10 INFO  no build target found for D:\Blockchain\101\phouka\build.sbt. Using presentation compiler with project's scala-library version: 3.3.0
2566.09.21 03:13:11 WARN  Could not find semantic tokens for: file:///D:/Blockchain/101/phouka/build.sbt
2566.09.21 03:13:28 WARN  no build target for: D:\Blockchain\101\phouka\build.sbt
2566.09.21 03:13:28 WARN  Could not find semantic tokens for: file:///D:/Blockchain/101/phouka/build.sbt
2566.09.21 03:13:28 WARN  Could not find semantic tokens for: file:///D:/Blockchain/101/phouka/build.sbt
2566.09.21 03:13:38 WARN  Could not find semantic tokens for: file:///D:/Blockchain/101/phouka/build.sbt
2566.09.21 03:13:39 WARN  no build target for: D:\Blockchain\101\phouka\build.sbt
2566.09.21 03:13:39 WARN  Skipping build import, no checksum.
2566.09.21 03:13:39 WARN  Could not find semantic tokens for: file:///D:/Blockchain/101/phouka/build.sbt
2566.09.21 03:13:39 WARN  no build target for: D:\Blockchain\101\phouka\build.sbt
2566.09.21 03:13:39 WARN  Skipping build import, no checksum.
2566.09.21 03:13:39 WARN  Could not find semantic tokens for: file:///D:/Blockchain/101/phouka/build.sbt
2566.09.21 03:13:40 WARN  no build target for: D:\Blockchain\101\phouka\build.sbt
2566.09.21 03:13:40 WARN  Skipping build import, no checksum.
2566.09.21 03:13:40 WARN  Could not find semantic tokens for: file:///D:/Blockchain/101/phouka/build.sbt
2566.09.21 03:13:59 WARN  Could not find semantic tokens for: file:///D:/Blockchain/101/phouka/build.sbt
2566.09.21 03:13:59 WARN  no build target for: D:\Blockchain\101\phouka\build.sbt
2566.09.21 03:13:59 WARN  Skipping build import, no checksum.
2566.09.21 03:13:59 WARN  Could not find semantic tokens for: file:///D:/Blockchain/101/phouka/build.sbt
2566.09.21 03:14:00 WARN  Could not find semantic tokens for: file:///D:/Blockchain/101/phouka/build.sbt
2566.09.21 03:13:59 WARN  no build target for: D:\Blockchain\101\phouka\build.sbt
2566.09.21 03:13:59 WARN  Skipping build import, no checksum.
2566.09.21 03:14:00 WARN  Could not find semantic tokens for: file:///D:/Blockchain/101/phouka/build.sbt
2566.09.21 03:15:58 WARN  Could not find semantic tokens for: file:///D:/Blockchain/101/phouka/build.sbt
2566.09.21 03:16:00 WARN  Could not find semantic tokens for: file:///D:/Blockchain/101/phouka/build.sbt
2566.09.21 03:16:01 WARN  no build target for: D:\Blockchain\101\phouka\build.sbt
2566.09.21 03:16:01 WARN  Could not find semantic tokens for: file:///D:/Blockchain/101/phouka/build.sbt
2566.09.21 03:16:01 WARN  no build target for: D:\Blockchain\101\phouka\build.sbt
2566.09.21 03:16:01 WARN  Could not find semantic tokens for: file:///D:/Blockchain/101/phouka/build.sbt
2566.09.21 03:16:01 WARN  no build target for: D:\Blockchain\101\phouka\build.sbt
2566.09.21 03:16:02 WARN  Could not find semantic tokens for: file:///D:/Blockchain/101/phouka/build.sbt
2566.09.21 03:16:05 INFO  skipping build import with status 'Dismissed'
2566.09.21 03:20:28 WARN  Could not find semantic tokens for: file:///D:/Blockchain/101/phouka/build.sbt
2566.09.21 03:20:32 WARN  no build target for: D:\Blockchain\101\phouka\build.sbt
2566.09.21 03:20:32 WARN  Could not find semantic tokens for: file:///D:/Blockchain/101/phouka/build.sbt
2566.09.21 03:24:49 INFO  Shutting down server
2566.09.21 03:24:49 INFO  shutting down Metals
2566.09.21 03:24:49 INFO  Exiting server
2566.09.21 03:25:01 INFO  Started: Metals version 1.0.1 in folders 'D:\Blockchain\101\phouka' for client Visual Studio Code 1.82.2.
ก.ย. 21, 2566 3:25:01 ก่อนเที่ยง org.flywaydb.core.internal.license.VersionPrinter printVersionOnly
INFO: Flyway Community Edition 9.21.2 by Redgate
ก.ย. 21, 2566 3:25:01 ก่อนเที่ยง org.flywaydb.core.internal.license.VersionPrinter printVersion
INFO: See release notes here: https://rd.gt/416ObMi
ก.ย. 21, 2566 3:25:01 ก่อนเที่ยง org.flywaydb.core.internal.license.VersionPrinter printVersion
INFO: 
ก.ย. 21, 2566 3:25:01 ก่อนเที่ยง org.flywaydb.core.FlywayExecutor execute
INFO: Database: jdbc:h2:file:D:\Blockchain\101\phouka\.metals\metals (H2 2.1)
ก.ย. 21, 2566 3:25:01 ก่อนเที่ยง org.flywaydb.core.internal.command.DbValidate validate
INFO: Successfully validated 4 migrations (execution time 00:00.018s)
ก.ย. 21, 2566 3:25:01 ก่อนเที่ยง org.flywaydb.core.internal.command.DbMigrate migrateGroup
INFO: Current version of schema "PUBLIC": 4
ก.ย. 21, 2566 3:25:01 ก่อนเที่ยง org.flywaydb.core.internal.command.DbMigrate logSummary
INFO: Schema "PUBLIC" is up to date. No migration necessary.
2566.09.21 03:25:01 INFO  time: initialize in 0.57s
2566.09.21 03:25:02 WARN  Build server is not auto-connectable.
2566.09.21 03:25:02 WARN  no build target for: D:\Blockchain\101\phouka\build.sbt
2566.09.21 03:25:03 INFO  no build target found for D:\Blockchain\101\phouka\build.sbt. Using presentation compiler with project's scala-library version: 3.3.0
2566.09.21 03:25:04 WARN  Could not find semantic tokens for: file:///D:/Blockchain/101/phouka/build.sbt
2566.09.21 03:25:04 WARN  Could not find semantic tokens for: file:///D:/Blockchain/101/phouka/build.sbt
2566.09.21 03:36:00 INFO  Started: Metals version 1.0.1 in folders 'D:\Blockchain\101\phouka' for client Visual Studio Code 1.82.2.
ก.ย. 21, 2566 3:36:00 ก่อนเที่ยง org.flywaydb.core.internal.license.VersionPrinter printVersionOnly
INFO: Flyway Community Edition 9.21.2 by Redgate
ก.ย. 21, 2566 3:36:00 ก่อนเที่ยง org.flywaydb.core.internal.license.VersionPrinter printVersion
INFO: See release notes here: https://rd.gt/416ObMi
ก.ย. 21, 2566 3:36:00 ก่อนเที่ยง org.flywaydb.core.internal.license.VersionPrinter printVersion
INFO: 
ก.ย. 21, 2566 3:36:04 ก่อนเที่ยง org.flywaydb.core.FlywayExecutor execute
INFO: Database: jdbc:h2:file:D:\Blockchain\101\phouka\.metals\metals (H2 2.1)
ก.ย. 21, 2566 3:36:04 ก่อนเที่ยง org.flywaydb.core.internal.command.DbValidate validate
INFO: Successfully validated 4 migrations (execution time 00:00.014s)
ก.ย. 21, 2566 3:36:04 ก่อนเที่ยง org.flywaydb.core.internal.command.DbMigrate migrateGroup
INFO: Current version of schema "PUBLIC": 4
ก.ย. 21, 2566 3:36:04 ก่อนเที่ยง org.flywaydb.core.internal.command.DbMigrate logSummary
INFO: Schema "PUBLIC" is up to date. No migration necessary.
2566.09.21 03:36:05 INFO  time: initialize in 4.58s
2566.09.21 03:36:06 INFO  no build target found for D:\Blockchain\101\phouka\build.sbt. Using presentation compiler with project's scala-library version: 3.3.0
2566.09.21 03:36:07 WARN  Could not find semantic tokens for: file:///D:/Blockchain/101/phouka/build.sbt
2566.09.21 03:36:06 INFO  time: code lens generation in 1.67s
2566.09.21 03:36:17 INFO  Started: Metals version 1.0.1 in folders 'D:\Blockchain\101\phouka' for client Visual Studio Code 1.82.2.
ก.ย. 21, 2566 3:36:17 ก่อนเที่ยง org.flywaydb.core.internal.license.VersionPrinter printVersionOnly
INFO: Flyway Community Edition 9.21.2 by Redgate
ก.ย. 21, 2566 3:36:17 ก่อนเที่ยง org.flywaydb.core.internal.license.VersionPrinter printVersion
INFO: See release notes here: https://rd.gt/416ObMi
ก.ย. 21, 2566 3:36:17 ก่อนเที่ยง org.flywaydb.core.internal.license.VersionPrinter printVersion
INFO: 
ก.ย. 21, 2566 3:36:21 ก่อนเที่ยง org.flywaydb.core.FlywayExecutor execute
INFO: Database: jdbc:h2:file:D:\Blockchain\101\phouka\.metals\metals (H2 2.1)
ก.ย. 21, 2566 3:36:21 ก่อนเที่ยง org.flywaydb.core.internal.command.DbValidate validate
INFO: Successfully validated 4 migrations (execution time 00:00.014s)
ก.ย. 21, 2566 3:36:21 ก่อนเที่ยง org.flywaydb.core.internal.command.DbMigrate migrateGroup
INFO: Current version of schema "PUBLIC": 4
ก.ย. 21, 2566 3:36:21 ก่อนเที่ยง org.flywaydb.core.internal.command.DbMigrate logSummary
INFO: Schema "PUBLIC" is up to date. No migration necessary.
2566.09.21 03:36:21 INFO  time: initialize in 4.55s
2566.09.21 03:36:22 INFO  no build target found for D:\Blockchain\101\phouka\build.sbt. Using presentation compiler with project's scala-library version: 3.3.0
2566.09.21 03:36:23 WARN  Could not find semantic tokens for: file:///D:/Blockchain/101/phouka/build.sbt
2566.09.21 03:36:22 INFO  time: code lens generation in 1.6s
2566.09.21 03:36:38 INFO  Started: Metals version 1.0.1 in folders 'D:\Blockchain\101\phouka' for client Visual Studio Code 1.82.2.
ก.ย. 21, 2566 3:36:39 ก่อนเที่ยง org.flywaydb.core.internal.license.VersionPrinter printVersionOnly
INFO: Flyway Community Edition 9.21.2 by Redgate
ก.ย. 21, 2566 3:36:39 ก่อนเที่ยง org.flywaydb.core.internal.license.VersionPrinter printVersion
INFO: See release notes here: https://rd.gt/416ObMi
ก.ย. 21, 2566 3:36:39 ก่อนเที่ยง org.flywaydb.core.internal.license.VersionPrinter printVersion
INFO: 
ก.ย. 21, 2566 3:36:43 ก่อนเที่ยง org.flywaydb.core.FlywayExecutor execute
INFO: Database: jdbc:h2:file:D:\Blockchain\101\phouka\.metals\metals (H2 2.1)
ก.ย. 21, 2566 3:36:43 ก่อนเที่ยง org.flywaydb.core.internal.command.DbValidate validate
INFO: Successfully validated 4 migrations (execution time 00:00.015s)
ก.ย. 21, 2566 3:36:43 ก่อนเที่ยง org.flywaydb.core.internal.command.DbMigrate migrateGroup
INFO: Current version of schema "PUBLIC": 4
ก.ย. 21, 2566 3:36:43 ก่อนเที่ยง org.flywaydb.core.internal.command.DbMigrate logSummary
INFO: Schema "PUBLIC" is up to date. No migration necessary.
2566.09.21 03:36:43 INFO  time: initialize in 4.55s
2566.09.21 03:36:44 INFO  no build target found for D:\Blockchain\101\phouka\build.sbt. Using presentation compiler with project's scala-library version: 3.3.0
2566.09.21 03:36:45 WARN  Could not find semantic tokens for: file:///D:/Blockchain/101/phouka/build.sbt
2566.09.21 03:36:44 INFO  time: code lens generation in 1.58s
2566.09.21 03:37:41 INFO  Shutting down server
2566.09.21 03:37:41 INFO  shutting down Metals
2566.09.21 03:37:41 INFO  Exiting server
2566.09.21 03:42:16 INFO  Started: Metals version 1.0.1 in folders 'D:\Blockchain\101\phouka' for client Visual Studio Code 1.82.2.
ก.ย. 21, 2566 3:42:16 ก่อนเที่ยง org.flywaydb.core.internal.license.VersionPrinter printVersionOnly
INFO: Flyway Community Edition 9.21.2 by Redgate
ก.ย. 21, 2566 3:42:16 ก่อนเที่ยง org.flywaydb.core.internal.license.VersionPrinter printVersion
INFO: See release notes here: https://rd.gt/416ObMi
ก.ย. 21, 2566 3:42:16 ก่อนเที่ยง org.flywaydb.core.internal.license.VersionPrinter printVersion
INFO: 
ก.ย. 21, 2566 3:42:16 ก่อนเที่ยง org.flywaydb.core.FlywayExecutor execute
INFO: Database: jdbc:h2:file:D:\Blockchain\101\phouka\.metals\metals (H2 2.1)
ก.ย. 21, 2566 3:42:16 ก่อนเที่ยง org.flywaydb.core.internal.command.DbValidate validate
INFO: Successfully validated 4 migrations (execution time 00:00.012s)
ก.ย. 21, 2566 3:42:16 ก่อนเที่ยง org.flywaydb.core.internal.command.DbMigrate migrateGroup
INFO: Current version of schema "PUBLIC": 4
ก.ย. 21, 2566 3:42:16 ก่อนเที่ยง org.flywaydb.core.internal.command.DbMigrate logSummary
INFO: Schema "PUBLIC" is up to date. No migration necessary.
2566.09.21 03:42:16 INFO  time: initialize in 0.51s
2566.09.21 03:42:17 WARN  Build server is not auto-connectable.
2566.09.21 03:42:17 WARN  no build target for: D:\Blockchain\101\phouka\build.sbt
2566.09.21 03:42:18 INFO  no build target found for D:\Blockchain\101\phouka\build.sbt. Using presentation compiler with project's scala-library version: 3.3.0
2566.09.21 03:42:19 WARN  Could not find semantic tokens for: file:///D:/Blockchain/101/phouka/build.sbt
2566.09.21 03:42:19 WARN  Could not find semantic tokens for: file:///D:/Blockchain/101/phouka/build.sbt
2566.09.21 03:46:22 WARN  Could not find semantic tokens for: file:///D:/Blockchain/101/phouka/build.sbt
2566.09.21 03:46:22 WARN  no build target for: D:\Blockchain\101\phouka\build.sbt
2566.09.21 03:46:22 WARN  Could not find semantic tokens for: file:///D:/Blockchain/101/phouka/build.sbt
2566.09.21 03:47:01 WARN  Could not find semantic tokens for: file:///D:/Blockchain/101/phouka/build.sbt
2566.09.21 03:47:01 WARN  no build target for: D:\Blockchain\101\phouka\build.sbt
2566.09.21 03:47:01 WARN  Could not find semantic tokens for: file:///D:/Blockchain/101/phouka/build.sbt
2566.09.21 03:47:01 INFO  skipping build import with status 'Dismissed'
2566.09.21 03:47:02 WARN  Could not find semantic tokens for: file:///D:/Blockchain/101/phouka/build.sbt
2566.09.21 03:47:02 WARN  no build target for: D:\Blockchain\101\phouka\build.sbt
2566.09.21 03:47:02 INFO  skipping build import with status 'Dismissed'
2566.09.21 03:47:02 WARN  Could not find semantic tokens for: file:///D:/Blockchain/101/phouka/build.sbt
2566.09.21 03:47:02 WARN  no build target for: D:\Blockchain\101\phouka\build.sbt
2566.09.21 03:47:02 INFO  skipping build import with status 'Dismissed'
2566.09.21 03:47:02 WARN  Could not find semantic tokens for: file:///D:/Blockchain/101/phouka/build.sbt
2566.09.21 03:47:02 WARN  no build target for: D:\Blockchain\101\phouka\build.sbt
2566.09.21 03:47:02 INFO  skipping build import with status 'Dismissed'
2566.09.21 03:47:02 WARN  Could not find semantic tokens for: file:///D:/Blockchain/101/phouka/build.sbt
2566.09.21 03:47:02 WARN  no build target for: D:\Blockchain\101\phouka\build.sbt
2566.09.21 03:47:02 INFO  skipping build import with status 'Dismissed'
2566.09.21 03:47:02 WARN  Could not find semantic tokens for: file:///D:/Blockchain/101/phouka/build.sbt
2566.09.21 04:02:39 WARN  Could not find semantic tokens for: file:///D:/Blockchain/101/phouka/build.sbt
2566.09.21 04:02:39 WARN  Could not find semantic tokens for: file:///D:/Blockchain/101/phouka/build.sbt
2566.09.21 04:02:40 WARN  Could not find semantic tokens for: file:///D:/Blockchain/101/phouka/build.sbt
2566.09.21 04:02:40 WARN  no build target for: D:\Blockchain\101\phouka\build.sbt
2566.09.21 04:02:40 WARN  Could not find semantic tokens for: file:///D:/Blockchain/101/phouka/build.sbt
2566.09.21 04:03:05 WARN  Could not find semantic tokens for: file:///D:/Blockchain/101/phouka/build.sbt
2566.09.21 04:03:06 WARN  no build target for: D:\Blockchain\101\phouka\build.sbt
2566.09.21 04:03:08 INFO  skipping build import with status 'Dismissed'
2566.09.21 04:03:08 WARN  Could not find semantic tokens for: file:///D:/Blockchain/101/phouka/build.sbt
2566.09.21 04:03:08 WARN  no build target for: D:\Blockchain\101\phouka\build.sbt
2566.09.21 04:03:08 INFO  skipping build import with status 'Dismissed'
2566.09.21 04:03:08 WARN  Could not find semantic tokens for: file:///D:/Blockchain/101/phouka/build.sbt
2566.09.21 04:03:08 WARN  no build target for: D:\Blockchain\101\phouka\build.sbt
2566.09.21 04:03:08 INFO  skipping build import with status 'Dismissed'
2566.09.21 04:03:08 WARN  Could not find semantic tokens for: file:///D:/Blockchain/101/phouka/build.sbt
2566.09.21 04:04:50 WARN  Could not find semantic tokens for: file:///D:/Blockchain/101/phouka/build.sbt
2566.09.21 04:04:50 WARN  Could not find semantic tokens for: file:///D:/Blockchain/101/phouka/build.sbt
2566.09.21 04:04:53 WARN  no build target for: D:\Blockchain\101\phouka\build.sbt
2566.09.21 04:04:53 WARN  Could not find semantic tokens for: file:///D:/Blockchain/101/phouka/build.sbt
2566.09.21 04:13:43 WARN  no build target for: D:\Blockchain\101\phouka\src\main\scala\com\selfdualbrain\demo\Demo1.scala
2566.09.21 04:13:59 WARN  no build target for: D:\Blockchain\101\phouka\src\main\scala\com\selfdualbrain\demo\Demo1.scala
2566.09.21 04:32:36 INFO  Shutting down server
2566.09.21 04:32:36 INFO  shutting down Metals
2566.09.21 04:32:36 INFO  Exiting server
2566.09.21 13:06:56 INFO  Started: Metals version 1.0.1 in folders 'D:\Blockchain\101\phouka' for client Visual Studio Code 1.82.2.
ก.ย. 21, 2566 1:06:56 หลังเที่ยง org.flywaydb.core.internal.license.VersionPrinter printVersionOnly
INFO: Flyway Community Edition 9.21.2 by Redgate
ก.ย. 21, 2566 1:06:56 หลังเที่ยง org.flywaydb.core.internal.license.VersionPrinter printVersion
INFO: See release notes here: https://rd.gt/416ObMi
ก.ย. 21, 2566 1:06:56 หลังเที่ยง org.flywaydb.core.internal.license.VersionPrinter printVersion
INFO: 
ก.ย. 21, 2566 1:06:56 หลังเที่ยง org.flywaydb.core.FlywayExecutor execute
INFO: Database: jdbc:h2:file:D:\Blockchain\101\phouka\.metals\metals (H2 2.1)
ก.ย. 21, 2566 1:06:56 หลังเที่ยง org.flywaydb.core.internal.command.DbValidate validate
INFO: Successfully validated 4 migrations (execution time 00:00.014s)
ก.ย. 21, 2566 1:06:56 หลังเที่ยง org.flywaydb.core.internal.command.DbMigrate migrateGroup
INFO: Current version of schema "PUBLIC": 4
ก.ย. 21, 2566 1:06:56 หลังเที่ยง org.flywaydb.core.internal.command.DbMigrate logSummary
INFO: Schema "PUBLIC" is up to date. No migration necessary.
2566.09.21 13:06:56 INFO  time: initialize in 0.6s
2566.09.21 13:06:58 WARN  Build server is not auto-connectable.
2566.09.21 13:06:58 WARN  no build target for: D:\Blockchain\101\phouka\build.sbt
2566.09.21 13:06:58 WARN  no build target for: D:\Blockchain\101\phouka\src\main\scala\com\selfdualbrain\demo\Demo1.scala
2566.09.21 13:06:59 INFO  no build target found for D:\Blockchain\101\phouka\build.sbt. Using presentation compiler with project's scala-library version: 3.3.0
2566.09.21 13:07:00 WARN  Could not find semantic tokens for: file:///D:/Blockchain/101/phouka/build.sbt
2566.09.21 13:07:00 WARN  Could not find semantic tokens for: file:///D:/Blockchain/101/phouka/build.sbt
2566.09.21 13:10:58 WARN  Could not find semantic tokens for: file:///D:/Blockchain/101/phouka/build.sbt
2566.09.21 13:10:59 WARN  no build target for: D:\Blockchain\101\phouka\build.sbt
2566.09.21 13:10:59 WARN  Could not find semantic tokens for: file:///D:/Blockchain/101/phouka/build.sbt
2566.09.21 13:12:35 WARN  Could not find semantic tokens for: file:///D:/Blockchain/101/phouka/build.sbt
2566.09.21 13:12:35 WARN  no build target for: D:\Blockchain\101\phouka\build.sbt
2566.09.21 13:12:36 WARN  Could not find semantic tokens for: file:///D:/Blockchain/101/phouka/build.sbt
2566.09.21 13:12:36 INFO  skipping build import with status 'Dismissed'
2566.09.21 13:13:00 WARN  Could not find semantic tokens for: file:///D:/Blockchain/101/phouka/build.sbt
2566.09.21 13:13:01 WARN  no build target for: D:\Blockchain\101\phouka\build.sbt
2566.09.21 13:13:01 WARN  Could not find semantic tokens for: file:///D:/Blockchain/101/phouka/build.sbt
2566.09.21 13:13:01 WARN  no build target for: D:\Blockchain\101\phouka\build.sbt
2566.09.21 13:13:01 WARN  Could not find semantic tokens for: file:///D:/Blockchain/101/phouka/build.sbt
ก.ย. 21, 2566 1:13:01 หลังเที่ยง org.eclipse.lsp4j.jsonrpc.RemoteEndpoint handleCancellation
WARNING: Unmatched cancel notification for request id 44
2566.09.21 13:13:03 WARN  no build target for: D:\Blockchain\101\phouka\build.sbt
2566.09.21 13:13:03 WARN  Could not find semantic tokens for: file:///D:/Blockchain/101/phouka/build.sbt
2566.09.21 13:13:03 WARN  no build target for: D:\Blockchain\101\phouka\build.sbt
2566.09.21 13:13:03 WARN  Could not find semantic tokens for: file:///D:/Blockchain/101/phouka/build.sbt
2566.09.21 13:13:49 WARN  Could not find semantic tokens for: file:///D:/Blockchain/101/phouka/build.sbt
2566.09.21 13:13:49 WARN  no build target for: D:\Blockchain\101\phouka\build.sbt
2566.09.21 13:13:49 INFO  skipping build import with status 'Dismissed'
2566.09.21 13:13:49 WARN  Could not find semantic tokens for: file:///D:/Blockchain/101/phouka/build.sbt
2566.09.21 13:14:23 WARN  Could not find semantic tokens for: file:///D:/Blockchain/101/phouka/build.sbt
2566.09.21 13:14:24 WARN  Could not find semantic tokens for: file:///D:/Blockchain/101/phouka/build.sbt
2566.09.21 13:14:24 WARN  Could not find semantic tokens for: file:///D:/Blockchain/101/phouka/build.sbt
2566.09.21 13:14:25 WARN  Could not find semantic tokens for: file:///D:/Blockchain/101/phouka/build.sbt
2566.09.21 13:14:25 WARN  no build target for: D:\Blockchain\101\phouka\build.sbt
2566.09.21 13:14:25 INFO  skipping build import with status 'Dismissed'
2566.09.21 13:14:25 WARN  Could not find semantic tokens for: file:///D:/Blockchain/101/phouka/build.sbt
2566.09.21 13:15:09 WARN  no build target for: D:\Blockchain\101\phouka\src\main\scala\com\selfdualbrain\demo\Demo1.scala
2566.09.21 16:26:23 WARN  Could not find semantic tokens for: file:///D:/Blockchain/101/phouka/build.sbt
2566.09.21 16:32:46 WARN  Could not find semantic tokens for: file:///D:/Blockchain/101/phouka/build.sbt
2566.09.21 16:32:46 WARN  Could not find semantic tokens for: file:///D:/Blockchain/101/phouka/build.sbt
2566.09.21 16:32:48 WARN  Could not find semantic tokens for: file:///D:/Blockchain/101/phouka/build.sbt
2566.09.21 16:32:48 WARN  Could not find semantic tokens for: file:///D:/Blockchain/101/phouka/build.sbt
2566.09.21 16:32:48 WARN  no build target for: D:\Blockchain\101\phouka\build.sbt
2566.09.21 16:32:48 WARN  Could not find semantic tokens for: file:///D:/Blockchain/101/phouka/build.sbt
2566.09.21 16:33:34 WARN  Could not find semantic tokens for: file:///D:/Blockchain/101/phouka/build.sbt
2566.09.21 16:33:35 WARN  Could not find semantic tokens for: file:///D:/Blockchain/101/phouka/build.sbt
2566.09.21 16:33:35 WARN  no build target for: D:\Blockchain\101\phouka\build.sbt
2566.09.21 16:33:35 INFO  skipping build import with status 'Dismissed'
2566.09.21 16:33:35 WARN  Could not find semantic tokens for: file:///D:/Blockchain/101/phouka/build.sbt
2566.09.22 01:25:30 INFO  Shutting down server
2566.09.22 01:25:30 INFO  shutting down Metals
2566.09.22 01:25:30 INFO  Exiting server
2566.10.05 23:30:43 INFO  Started: Metals version 1.0.1 in folders 'D:\Blockchain\101\phouka' for client Visual Studio Code 1.82.2.
ต.ค. 05, 2566 11:30:43 หลังเที่ยง org.flywaydb.core.internal.license.VersionPrinter printVersionOnly
INFO: Flyway Community Edition 9.21.2 by Redgate
ต.ค. 05, 2566 11:30:43 หลังเที่ยง org.flywaydb.core.internal.license.VersionPrinter printVersion
INFO: See release notes here: https://rd.gt/416ObMi
ต.ค. 05, 2566 11:30:43 หลังเที่ยง org.flywaydb.core.internal.license.VersionPrinter printVersion
INFO: 
ต.ค. 05, 2566 11:30:43 หลังเที่ยง org.flywaydb.core.FlywayExecutor execute
INFO: Database: jdbc:h2:file:D:\Blockchain\101\phouka\.metals\metals (H2 2.1)
ต.ค. 05, 2566 11:30:43 หลังเที่ยง org.flywaydb.core.internal.command.DbValidate validate
INFO: Successfully validated 4 migrations (execution time 00:00.016s)
ต.ค. 05, 2566 11:30:43 หลังเที่ยง org.flywaydb.core.internal.command.DbMigrate migrateGroup
INFO: Current version of schema "PUBLIC": 4
ต.ค. 05, 2566 11:30:43 หลังเที่ยง org.flywaydb.core.internal.command.DbMigrate logSummary
INFO: Schema "PUBLIC" is up to date. No migration necessary.
2566.10.05 23:30:43 INFO  time: initialize in 0.6s
2566.10.05 23:30:44 WARN  Build server is not auto-connectable.
2566.10.05 23:30:44 WARN  no build target for: D:\Blockchain\101\phouka\build.sbt
2566.10.05 23:30:47 INFO  no build target found for D:\Blockchain\101\phouka\build.sbt. Using presentation compiler with project's scala-library version: 3.3.0
ต.ค. 05, 2566 11:30:48 หลังเที่ยง org.eclipse.lsp4j.jsonrpc.RemoteEndpoint handleCancellation
WARNING: Unmatched cancel notification for request id 6
2566.10.05 23:30:49 WARN  Could not find semantic tokens for: file:///D:/Blockchain/101/phouka/build.sbt
2566.10.05 23:30:49 INFO  time: code lens generation in 4.14s
2566.10.05 23:32:03 INFO  Shutting down server
2566.10.05 23:32:03 INFO  shutting down Metals
2566.10.05 23:32:03 INFO  Exiting server
2566.10.05 23:32:21 INFO  Started: Metals version 1.0.1 in folders 'D:\Blockchain\101\phouka' for client Visual Studio Code 1.82.2.
ต.ค. 05, 2566 11:32:21 หลังเที่ยง org.flywaydb.core.internal.license.VersionPrinter printVersionOnly
INFO: Flyway Community Edition 9.21.2 by Redgate
ต.ค. 05, 2566 11:32:21 หลังเที่ยง org.flywaydb.core.internal.license.VersionPrinter printVersion
INFO: See release notes here: https://rd.gt/416ObMi
ต.ค. 05, 2566 11:32:21 หลังเที่ยง org.flywaydb.core.internal.license.VersionPrinter printVersion
INFO: 
ต.ค. 05, 2566 11:32:21 หลังเที่ยง org.flywaydb.core.FlywayExecutor execute
INFO: Database: jdbc:h2:file:D:\Blockchain\101\phouka\.metals\metals (H2 2.1)
ต.ค. 05, 2566 11:32:21 หลังเที่ยง org.flywaydb.core.internal.command.DbValidate validate
INFO: Successfully validated 4 migrations (execution time 00:00.014s)
ต.ค. 05, 2566 11:32:21 หลังเที่ยง org.flywaydb.core.internal.command.DbMigrate migrateGroup
INFO: Current version of schema "PUBLIC": 4
ต.ค. 05, 2566 11:32:21 หลังเที่ยง org.flywaydb.core.internal.command.DbMigrate logSummary
INFO: Schema "PUBLIC" is up to date. No migration necessary.
2566.10.05 23:32:21 INFO  time: initialize in 0.51s
2566.10.05 23:32:22 WARN  Build server is not auto-connectable.
2566.10.11 15:03:28 INFO  Started: Metals version 1.0.1 in folders 'D:\Blockchain\101\phouka' for client Visual Studio Code 1.83.0.
ต.ค. 11, 2566 3:03:28 หลังเที่ยง org.flywaydb.core.internal.license.VersionPrinter printVersionOnly
INFO: Flyway Community Edition 9.21.2 by Redgate
ต.ค. 11, 2566 3:03:28 หลังเที่ยง org.flywaydb.core.internal.license.VersionPrinter printVersion
INFO: See release notes here: https://rd.gt/416ObMi
ต.ค. 11, 2566 3:03:28 หลังเที่ยง org.flywaydb.core.internal.license.VersionPrinter printVersion
INFO: 
ต.ค. 11, 2566 3:03:32 หลังเที่ยง org.flywaydb.core.FlywayExecutor execute
INFO: Database: jdbc:h2:file:D:\Blockchain\101\phouka\.metals\metals (H2 2.1)
ต.ค. 11, 2566 3:03:32 หลังเที่ยง org.flywaydb.core.internal.command.DbValidate validate
INFO: Successfully validated 4 migrations (execution time 00:00.016s)
ต.ค. 11, 2566 3:03:32 หลังเที่ยง org.flywaydb.core.internal.command.DbMigrate migrateGroup
INFO: Current version of schema "PUBLIC": 4
ต.ค. 11, 2566 3:03:32 หลังเที่ยง org.flywaydb.core.internal.command.DbMigrate logSummary
INFO: Schema "PUBLIC" is up to date. No migration necessary.
2566.10.11 15:03:32 INFO  time: initialize in 4.63s
2566.10.11 15:03:33 WARN  Build server is not auto-connectable.
2566.10.11 15:03:38 WARN  no build target for: D:\Blockchain\101\phouka\src\main\scala\com\selfdualbrain\abstract_consensus\AbstractCasperConsensus.scala
2566.10.11 15:03:40 INFO  no build target found for D:\Blockchain\101\phouka\src\main\scala\com\selfdualbrain\abstract_consensus\AbstractCasperConsensus.scala. Using presentation compiler with project's scala-library version: 3.3.0
2566.10.11 15:03:41 WARN  no build target for: D:\Blockchain\101\phouka\src\main\scala\com\selfdualbrain\abstract_consensus\package.scala
2566.10.11 15:03:42 INFO  time: code lens generation in 1.67s
2566.10.11 15:03:42 INFO  time: code lens generation in 1.69s
2566.10.11 15:03:47 WARN  no build target for: D:\Blockchain\101\phouka\src\main\scala\com\selfdualbrain\abstract_consensus\AbstractCasperConsensus.scala
2566.10.11 15:14:43 WARN  no build target for: D:\Blockchain\101\phouka\src\main\scala\com\selfdualbrain\abstract_consensus\package.scala
2566.10.11 15:16:12 WARN  no build target for: D:\Blockchain\101\phouka\src\main\scala\com\selfdualbrain\abstract_consensus\package.scala
2566.10.11 15:16:13 WARN  no build target for: D:\Blockchain\101\phouka\src\main\scala\com\selfdualbrain\abstract_consensus\PanoramaBuilderComponent.scala
2566.10.11 15:16:40 WARN  no build target for: D:\Blockchain\101\phouka\src\main\scala\com\selfdualbrain\blockchain_structure\BlockchainNodeRef.scala
2566.10.11 15:16:41 WARN  no build target for: D:\Blockchain\101\phouka\src\main\scala\com\selfdualbrain\blockchain_structure\ACC.scala
2566.10.11 15:16:42 WARN  no build target for: D:\Blockchain\101\phouka\src\main\scala\com\selfdualbrain\config\ConfigDofModel.scala
2566.10.11 15:16:44 WARN  no build target for: D:\Blockchain\101\phouka\src\main\scala\com\selfdualbrain\config_files_support\Hocon.scala
2566.10.11 15:16:57 WARN  no build target for: D:\Blockchain\101\phouka\src\main\scala\com\selfdualbrain\demo\Demo1.scala
2566.10.11 15:16:58 WARN  no build target for: D:\Blockchain\101\phouka\src\main\scala\com\selfdualbrain\demo\mvp-demo.scala
2566.10.11 15:18:46 WARN  no build target for: D:\Blockchain\101\phouka\build.sbt
2566.10.11 15:18:46 WARN  Could not find semantic tokens for: file:///D:/Blockchain/101/phouka/build.sbt
2566.10.11 15:18:47 WARN  Could not find semantic tokens for: file:///D:/Blockchain/101/phouka/build.sbt
2566.10.11 15:21:16 WARN  Could not find semantic tokens for: file:///D:/Blockchain/101/phouka/build.sbt
2566.10.11 15:21:19 WARN  no build target for: D:\Blockchain\101\phouka\build.sbt
2566.10.11 15:21:19 WARN  Could not find semantic tokens for: file:///D:/Blockchain/101/phouka/build.sbt
2566.10.11 15:21:19 WARN  no build target for: D:\Blockchain\101\phouka\build.sbt
2566.10.11 15:21:19 WARN  Could not find semantic tokens for: file:///D:/Blockchain/101/phouka/build.sbt
2566.10.11 15:21:22 INFO  skipping build import with status 'Dismissed'
2566.10.11 16:10:42 WARN  no build target for: D:\Blockchain\101\phouka\src\main\scala\com\selfdualbrain\demo\mvp-demo.scala
2566.10.11 16:10:54 WARN  no build target for: D:\Blockchain\101\phouka\build.sbt
2566.10.11 16:10:54 WARN  Could not find semantic tokens for: file:///D:/Blockchain/101/phouka/build.sbt
2566.10.11 16:10:54 WARN  Could not find semantic tokens for: file:///D:/Blockchain/101/phouka/build.sbt
2566.10.11 16:11:02 WARN  Could not find semantic tokens for: file:///D:/Blockchain/101/phouka/build.sbt
2566.10.11 16:11:03 WARN  Could not find semantic tokens for: file:///D:/Blockchain/101/phouka/build.sbt
2566.10.11 16:11:03 WARN  no build target for: D:\Blockchain\101\phouka\build.sbt
2566.10.11 16:11:04 WARN  Could not find semantic tokens for: file:///D:/Blockchain/101/phouka/build.sbt
2566.10.11 16:11:04 WARN  no build target for: D:\Blockchain\101\phouka\build.sbt
2566.10.11 16:11:04 WARN  Could not find semantic tokens for: file:///D:/Blockchain/101/phouka/build.sbt
2566.10.11 16:12:31 WARN  no build target for: D:\Blockchain\101\phouka\src\main\scala\com\selfdualbrain\demo\mvp-demo.scala
2566.10.11 16:13:22 WARN  Could not find semantic tokens for: file:///D:/Blockchain/101/phouka/build.sbt
2566.10.11 16:13:23 WARN  Could not find semantic tokens for: file:///D:/Blockchain/101/phouka/build.sbt
2566.10.11 16:13:24 WARN  Could not find semantic tokens for: file:///D:/Blockchain/101/phouka/build.sbt
2566.10.11 16:13:25 WARN  Could not find semantic tokens for: file:///D:/Blockchain/101/phouka/build.sbt
2566.10.11 16:13:27 WARN  Could not find semantic tokens for: file:///D:/Blockchain/101/phouka/build.sbt
2566.10.11 16:13:30 WARN  Could not find semantic tokens for: file:///D:/Blockchain/101/phouka/build.sbt
2566.10.11 16:13:30 WARN  no build target for: D:\Blockchain\101\phouka\build.sbt
2566.10.11 16:13:30 INFO  skipping build import with status 'Dismissed'
2566.10.11 16:13:30 WARN  Could not find semantic tokens for: file:///D:/Blockchain/101/phouka/build.sbt
2566.10.11 16:16:08 WARN  Could not find semantic tokens for: file:///D:/Blockchain/101/phouka/build.sbt
2566.10.11 16:16:09 WARN  Could not find semantic tokens for: file:///D:/Blockchain/101/phouka/build.sbt
2566.10.11 16:16:10 WARN  Could not find semantic tokens for: file:///D:/Blockchain/101/phouka/build.sbt
2566.10.11 16:16:12 WARN  Could not find semantic tokens for: file:///D:/Blockchain/101/phouka/build.sbt
2566.10.11 16:16:12 WARN  no build target for: D:\Blockchain\101\phouka\build.sbt
2566.10.11 16:16:12 WARN  Could not find semantic tokens for: file:///D:/Blockchain/101/phouka/build.sbt
2566.10.11 16:17:33 WARN  Could not find semantic tokens for: file:///D:/Blockchain/101/phouka/build.sbt
2566.10.11 16:17:34 WARN  Could not find semantic tokens for: file:///D:/Blockchain/101/phouka/build.sbt
2566.10.11 16:17:34 WARN  no build target for: D:\Blockchain\101\phouka\build.sbt
2566.10.11 16:17:34 INFO  skipping build import with status 'Dismissed'
2566.10.11 16:17:34 WARN  Could not find semantic tokens for: file:///D:/Blockchain/101/phouka/build.sbt
2566.10.11 16:18:08 WARN  no build target for: D:\Blockchain\101\phouka\build.sbt
2566.10.11 16:18:08 WARN  Could not find semantic tokens for: file:///D:/Blockchain/101/phouka/build.sbt
2566.10.11 16:18:08 INFO  skipping build import with status 'Dismissed'
2566.10.11 16:18:52 WARN  no build target for: D:\Blockchain\101\phouka\src\main\scala\com\selfdualbrain\demo\mvp-demo.scala
2566.10.11 16:45:46 WARN  Could not find semantic tokens for: file:///D:/Blockchain/101/phouka/build.sbt
2566.10.12 13:33:29 INFO  Started: Metals version 1.0.1 in folders 'D:\Blockchain\101\phouka' for client Visual Studio Code 1.83.0.
ต.ค. 12, 2566 1:33:29 หลังเที่ยง org.flywaydb.core.internal.license.VersionPrinter printVersionOnly
INFO: Flyway Community Edition 9.21.2 by Redgate
ต.ค. 12, 2566 1:33:29 หลังเที่ยง org.flywaydb.core.internal.license.VersionPrinter printVersion
INFO: See release notes here: https://rd.gt/416ObMi
ต.ค. 12, 2566 1:33:29 หลังเที่ยง org.flywaydb.core.internal.license.VersionPrinter printVersion
INFO: 
ต.ค. 12, 2566 1:33:33 หลังเที่ยง org.flywaydb.core.FlywayExecutor execute
INFO: Database: jdbc:h2:file:D:\Blockchain\101\phouka\.metals\metals (H2 2.1)
ต.ค. 12, 2566 1:33:34 หลังเที่ยง org.flywaydb.core.internal.command.DbValidate validate
INFO: Successfully validated 4 migrations (execution time 00:00.015s)
ต.ค. 12, 2566 1:33:34 หลังเที่ยง org.flywaydb.core.internal.command.DbMigrate migrateGroup
INFO: Current version of schema "PUBLIC": 4
ต.ค. 12, 2566 1:33:34 หลังเที่ยง org.flywaydb.core.internal.command.DbMigrate logSummary
INFO: Schema "PUBLIC" is up to date. No migration necessary.
2566.10.12 13:33:34 INFO  time: initialize in 4.75s
2566.10.12 13:33:34 WARN  Build server is not auto-connectable.
2566.10.12 13:33:34 WARN  no build target for: D:\Blockchain\101\phouka\src\main\scala\com\selfdualbrain\demo\Demo1.scala
2566.10.12 13:33:34 WARN  no build target for: D:\Blockchain\101\phouka\build.sbt
2566.10.12 13:33:36 INFO  no build target found for D:\Blockchain\101\phouka\build.sbt. Using presentation compiler with project's scala-library version: 3.3.0
2566.10.12 13:33:37 WARN  Could not find semantic tokens for: file:///D:/Blockchain/101/phouka/build.sbt
2566.10.12 13:33:37 INFO  time: code lens generation in 2.3s
2566.10.12 13:33:37 WARN  Could not find semantic tokens for: file:///D:/Blockchain/101/phouka/build.sbt
2566.10.12 13:39:41 WARN  Could not find semantic tokens for: file:///D:/Blockchain/101/phouka/build.sbt
2566.10.12 13:48:55 WARN  Could not find semantic tokens for: file:///D:/Blockchain/101/phouka/build.sbt
2566.10.12 13:48:58 WARN  Could not find semantic tokens for: file:///D:/Blockchain/101/phouka/build.sbt
2566.10.12 13:48:58 WARN  Could not find semantic tokens for: file:///D:/Blockchain/101/phouka/build.sbt
ต.ค. 12, 2566 1:48:59 หลังเที่ยง org.eclipse.lsp4j.jsonrpc.RemoteEndpoint handleCancellation
WARNING: Unmatched cancel notification for request id 250
2566.10.12 13:48:59 WARN  Could not find semantic tokens for: file:///D:/Blockchain/101/phouka/build.sbt
2566.10.12 13:48:59 WARN  no build target for: D:\Blockchain\101\phouka\build.sbt
2566.10.12 13:48:59 WARN  Could not find semantic tokens for: file:///D:/Blockchain/101/phouka/build.sbt
2566.10.12 13:49:25 WARN  Could not find semantic tokens for: file:///D:/Blockchain/101/phouka/build.sbt
2566.10.12 13:49:25 WARN  no build target for: D:\Blockchain\101\phouka\build.sbt
2566.10.12 13:49:25 WARN  Could not find semantic tokens for: file:///D:/Blockchain/101/phouka/build.sbt
2566.10.12 13:49:54 WARN  Could not find semantic tokens for: file:///D:/Blockchain/101/phouka/build.sbt
2566.10.12 13:49:54 WARN  no build target for: D:\Blockchain\101\phouka\build.sbt
2566.10.12 13:49:54 WARN  Could not find semantic tokens for: file:///D:/Blockchain/101/phouka/build.sbt
Exception in thread "pool-3-thread-1" java.lang.Error: java.lang.InterruptedException
	at java.util.concurrent.ThreadPoolExecutor.runWorker(Unknown Source)
	at java.util.concurrent.ThreadPoolExecutor$Worker.run(Unknown Source)
	at java.lang.Thread.run(Unknown Source)
Caused by: java.lang.InterruptedException
	at scala.meta.internal.metals.FutureCancelToken.checkCanceled(FutureCancelToken.scala:29)
	at scala.meta.internal.pc.CompilerAccess.onCompilerJobQueue$$anonfun$1(CompilerAccess.scala:229)
	at scala.meta.internal.pc.CompilerJobQueue$Job.run(CompilerJobQueue.scala:152)
	... 3 more
2566.10.12 13:49:54 WARN  no build target for: D:\Blockchain\101\phouka\build.sbt
2566.10.12 13:49:54 WARN  Could not find semantic tokens for: file:///D:/Blockchain/101/phouka/build.sbt
2566.10.12 13:50:15 WARN  Could not find semantic tokens for: file:///D:/Blockchain/101/phouka/build.sbt
2566.10.12 13:50:15 WARN  no build target for: D:\Blockchain\101\phouka\build.sbt
2566.10.12 13:50:15 WARN  Could not find semantic tokens for: file:///D:/Blockchain/101/phouka/build.sbt
2566.10.12 13:50:15 WARN  no build target for: D:\Blockchain\101\phouka\build.sbt
2566.10.12 13:50:15 WARN  Could not find semantic tokens for: file:///D:/Blockchain/101/phouka/build.sbt
2566.10.12 13:50:43 WARN  Could not find semantic tokens for: file:///D:/Blockchain/101/phouka/build.sbt
2566.10.12 13:50:44 WARN  no build target for: D:\Blockchain\101\phouka\build.sbt
2566.10.12 13:50:44 WARN  Could not find semantic tokens for: file:///D:/Blockchain/101/phouka/build.sbt
2566.10.12 13:59:34 WARN  no build target for: D:\Blockchain\101\phouka\src\main\scala\com\selfdualbrain\config\ConfigDofModel.scala
2566.10.12 16:22:38 WARN  no build target for: D:\Blockchain\101\phouka\src\main\scala\com\selfdualbrain\experiments\LiveBlockchainGuiDemo.scala
2566.10.12 16:22:39 WARN  no build target for: D:\Blockchain\101\phouka\src\main\scala\com\selfdualbrain\experiments\FixedLengthLFB.scala
2566.10.12 16:22:44 WARN  no build target for: D:\Blockchain\101\phouka\src\main\scala\com\selfdualbrain\experiments\FinalityTheoremChecker.scala
2566.10.12 16:22:44 WARN  no build target for: D:\Blockchain\101\phouka\src\main\scala\com\selfdualbrain\experiments\FinalityTestCasesGenerator.scala
2566.10.12 16:22:45 WARN  no build target for: D:\Blockchain\101\phouka\src\main\scala\com\selfdualbrain\experiments\ConsensusCorrectnessChecker.scala
2566.10.14 14:58:12 WARN  no build target for: D:\Blockchain\101\phouka\src\main\scala\com\selfdualbrain\demo\Demo1.scala
2566.10.14 15:04:30 WARN  no build target for: D:\Blockchain\101\phouka\src\main\scala\com\selfdualbrain\demo\Demo1.scala
2566.10.14 15:04:30 WARN  no build target for: D:\Blockchain\101\phouka\src\main\scala\com\selfdualbrain\demo\Demo1.scala
2566.10.14 15:05:37 WARN  no build target for: D:\Blockchain\101\phouka\src\main\scala\com\selfdualbrain\randomness\Picker.scala
2566.10.14 15:07:05 WARN  no build target for: D:\Blockchain\101\phouka\src\main\scala\com\selfdualbrain\network\SymmetricLatencyBandwidthGraphNetwork.scala
2566.10.14 15:34:22 WARN  no build target for: D:\Blockchain\101\phouka\src\main\scala\com\selfdualbrain\simulator_engine\SimulationSetup.scala
2566.10.14 15:39:32 WARN  no build target for: D:\Blockchain\101\phouka\src\main\scala\com\selfdualbrain\simulator_engine\BlockchainSimulationEngine.scala
2566.10.14 17:10:33 WARN  no build target for: D:\Blockchain\101\phouka\src\main\scala\com\selfdualbrain\des\SimulationEngine.scala
Exception in thread "pool-3-thread-2" java.lang.Error: java.lang.InterruptedException
	at java.util.concurrent.ThreadPoolExecutor.runWorker(Unknown Source)
	at java.util.concurrent.ThreadPoolExecutor$Worker.run(Unknown Source)
	at java.lang.Thread.run(Unknown Source)
Caused by: java.lang.InterruptedException
	at scala.meta.internal.metals.FutureCancelToken.checkCanceled(FutureCancelToken.scala:29)
	at scala.meta.internal.pc.CompilerAccess.onCompilerJobQueue$$anonfun$1(CompilerAccess.scala:229)
	at scala.meta.internal.pc.CompilerJobQueue$Job.run(CompilerJobQueue.scala:152)
	... 3 more
2566.10.14 22:30:01 WARN  no build target for: D:\Blockchain\101\phouka\src\main\scala\com\selfdualbrain\simulator_engine\config\LegacyConfigBasedSimulationSetup.scala
2566.10.14 22:52:55 WARN  no build target for: D:\Blockchain\101\phouka\src\main\scala\com\selfdualbrain\des\EventStreamsMerge.scala
2566.10.14 22:53:02 WARN  no build target for: D:\Blockchain\101\phouka\src\main\scala\com\selfdualbrain\des\ObservableSimulationEngine.scala
2566.10.14 23:25:07 WARN  no build target for: D:\Blockchain\101\phouka\src\main\scala\com\selfdualbrain\stats\DefaultStatsProcessor.scala
2566.10.14 23:34:25 WARN  no build target for: D:\Blockchain\101\phouka\src\main\scala\com\selfdualbrain\experiments_framework\ExperimentWithSingleEngineSetupBasedOnConfig.scala
2566.10.14 23:43:43 WARN  no build target for: D:\Blockchain\101\phouka\src\main\scala\com\selfdualbrain\network\NetworkModel.scala
2566.10.14 23:43:54 WARN  no build target for: D:\Blockchain\101\phouka\src\main\scala\com\selfdualbrain\network\NetworkSpeed.scala
2566.10.14 23:43:57 WARN  no build target for: D:\Blockchain\101\phouka\src\main\scala\com\selfdualbrain\network\HomogenousNetworkWithRandomDelaysAndUniformDownloadBandwidth.scala
2566.10.14 23:43:57 WARN  no build target for: D:\Blockchain\101\phouka\src\main\scala\com\selfdualbrain\network\DownloadBandwidthModel.scala
2566.10.14 23:44:01 WARN  no build target for: D:\Blockchain\101\phouka\src\main\scala\com\selfdualbrain\network\NetworkSpeed.scala
2566.10.14 23:44:17 WARN  no build target for: D:\Blockchain\101\phouka\src\main\scala\com\selfdualbrain\simulator_engine\simulation-engine-stop-condition.scala
2566.10.15 12:53:11 WARN  no build target for: D:\Blockchain\101\phouka\src\main\scala\com\selfdualbrain\abstract_consensus\ReferenceFinalityDetectorComponent.scala
2566.10.15 12:53:25 WARN  no build target for: D:\Blockchain\101\phouka\src\main\scala\com\selfdualbrain\config_files_support\ConfigurationReader.scala
2566.10.15 12:54:11 WARN  Could not find semantic tokens for: file:///D:/Blockchain/101/phouka/build.sbt
2566.10.15 12:56:44 WARN  no build target for: D:\Blockchain\101\phouka\src\main\scala\com\selfdualbrain\simulator_engine\config\LegacyExperimentConfig.scala
2566.10.15 12:57:16 WARN  no build target for: D:\Blockchain\101\phouka\src\main\scala\com\selfdualbrain\simulator_engine\config\DofConfigBasedSimulationSetup.scala
2566.10.15 13:36:24 WARN  no build target for: D:\Blockchain\101\phouka\src\main\scala\com\selfdualbrain\stats\BlockchainSimulationStats.scala
2566.10.15 13:36:27 WARN  no build target for: D:\Blockchain\101\phouka\src\main\scala\com\selfdualbrain\stats\NodeStatsProcessor.scala
2566.10.15 13:36:29 WARN  no build target for: D:\Blockchain\101\phouka\src\main\scala\com\selfdualbrain\summits_lab\engine\ConMsg.scala
2566.10.15 13:36:29 WARN  no build target for: D:\Blockchain\101\phouka\src\main\scala\com\selfdualbrain\summits_lab\engine\DagGenerator.scala
2566.10.15 13:37:21 WARN  no build target for: D:\Blockchain\101\phouka\src\main\scala\com\selfdualbrain\simulator_engine\events.scala
2566.10.15 13:37:21 WARN  no build target for: D:\Blockchain\101\phouka\src\main\scala\com\selfdualbrain\simulator_engine\BlockchainSimulationEngineChassis.scala
ต.ค. 15, 2566 1:37:34 หลังเที่ยง org.eclipse.lsp4j.jsonrpc.RemoteEndpoint handleCancellation
WARNING: Unmatched cancel notification for request id 3795
2566.10.15 13:40:12 WARN  no build target for: D:\Blockchain\101\phouka\src\main\scala\com\selfdualbrain\simulator_engine\core\ValidatorContextImpl.scala
2566.10.15 13:40:16 WARN  no build target for: D:\Blockchain\101\phouka\src\main\scala\com\selfdualbrain\simulator_engine\core\PhoukaEngine.scala
2566.10.15 13:40:17 WARN  no build target for: D:\Blockchain\101\phouka\src\main\scala\com\selfdualbrain\simulator_engine\core\package.scala
2566.10.15 13:40:18 WARN  no build target for: D:\Blockchain\101\phouka\src\main\scala\com\selfdualbrain\simulator_engine\core\DownloadsBufferItem.scala
2566.10.15 13:40:19 WARN  no build target for: D:\Blockchain\101\phouka\src\main\scala\com\selfdualbrain\simulator_engine\core\NodeBox.scala
2566.10.15 13:40:19 WARN  no build target for: D:\Blockchain\101\phouka\src\main\scala\com\selfdualbrain\simulator_engine\core\NodeStatus.scala
2566.10.15 13:40:20 WARN  no build target for: D:\Blockchain\101\phouka\src\main\scala\com\selfdualbrain\simulator_engine\core\NodeBox.scala
2566.10.15 13:40:21 WARN  no build target for: D:\Blockchain\101\phouka\src\main\scala\com\selfdualbrain\simulator_engine\core\DownloadsBufferItem.scala
2566.10.15 13:40:35 WARN  no build target for: D:\Blockchain\101\phouka\src\main\scala\com\selfdualbrain\simulator_engine\core\NodeBox.scala
2566.10.15 13:40:50 WARN  no build target for: D:\Blockchain\101\phouka\src\main\scala\com\selfdualbrain\simulator_engine\core\PhoukaEngine.scala
2566.10.15 13:47:46 WARN  no build target for: D:\Blockchain\101\phouka\src\main\scala\com\selfdualbrain\summits_lab\engine\DagGenerator.scala
2566.10.15 13:47:50 WARN  no build target for: D:\Blockchain\101\phouka\src\main\scala\com\selfdualbrain\summits_lab\engine\ConMsg.scala
2566.10.15 13:48:02 WARN  no build target for: D:\Blockchain\101\phouka\src\main\scala\com\selfdualbrain\simulator_engine\core\DownloadsBufferItem.scala
2566.10.15 13:48:02 WARN  no build target for: D:\Blockchain\101\phouka\src\main\scala\com\selfdualbrain\simulator_engine\core\PhoukaEngine.scala
2566.10.15 13:48:03 WARN  no build target for: D:\Blockchain\101\phouka\src\main\scala\com\selfdualbrain\simulator_engine\core\ValidatorContextImpl.scala
2566.10.15 13:48:08 WARN  no build target for: D:\Blockchain\101\phouka\src\main\scala\com\selfdualbrain\simulator_engine\core\PhoukaEngine.scala
2566.10.15 13:54:06 WARN  no build target for: D:\Blockchain\101\phouka\src\main\scala\com\selfdualbrain\des\ClassicDesQueue.scala
2566.10.15 14:09:13 WARN  no build target for: D:\Blockchain\101\phouka\src\main\scala\com\selfdualbrain\des\SimEventsQueue.scala
ต.ค. 15, 2566 2:12:39 หลังเที่ยง org.eclipse.lsp4j.jsonrpc.RemoteEndpoint handleCancellation
WARNING: Unmatched cancel notification for request id 4366
2566.10.15 14:15:30 WARN  no build target for: D:\Blockchain\101\phouka\src\main\scala\com\selfdualbrain\simulator_engine\core\PhoukaEngine.scala
2566.10.15 14:17:07 WARN  no build target for: D:\Blockchain\101\phouka\src\main\scala\com\selfdualbrain\simulator_engine\core\ValidatorContextImpl.scala
2566.10.15 14:26:45 WARN  no build target for: D:\Blockchain\101\phouka\src\main\scala\com\selfdualbrain\simulator_engine\core\NodeBox.scala
2566.10.15 22:48:15 WARN  no build target for: D:\Blockchain\101\phouka\src\main\scala\com\selfdualbrain\simulator_engine\core\NodeStatus.scala
